  pch.cpp
  base.cpp
c:\users\настя\source\repos\courseproject\courseproject\base.cpp(26): warning C4018: <: несоответствие типов со знаком и без знака
c:\users\настя\source\repos\courseproject\courseproject\base.cpp(47): warning C4018: <: несоответствие типов со знаком и без знака
c:\users\настя\source\repos\courseproject\courseproject\base.cpp(58): warning C4018: <: несоответствие типов со знаком и без знака
c:\users\настя\source\repos\courseproject\courseproject\base.cpp(74): warning C4018: <: несоответствие типов со знаком и без знака
c:\users\настя\source\repos\courseproject\courseproject\base.cpp(78): warning C4018: <: несоответствие типов со знаком и без знака
c:\users\настя\source\repos\courseproject\courseproject\base.cpp(90): warning C4018: <: несоответствие типов со знаком и без знака
c:\users\настя\source\repos\courseproject\courseproject\base.cpp(105): warning C4018: <: несоответствие типов со знаком и без знака
c:\users\настя\source\repos\courseproject\courseproject\base.cpp(118): warning C4018: <: несоответствие типов со знаком и без знака
c:\users\настя\source\repos\courseproject\courseproject\base.cpp(131): warning C4018: <: несоответствие типов со знаком и без знака
c:\users\настя\source\repos\courseproject\courseproject\base.cpp(147): warning C4018: <: несоответствие типов со знаком и без знака
c:\users\настя\source\repos\courseproject\courseproject\base.cpp(157): warning C4018: <: несоответствие типов со знаком и без знака
c:\users\настя\source\repos\courseproject\courseproject\base.cpp(159): warning C4018: <: несоответствие типов со знаком и без знака
  checkbottom.cpp
  checkright.cpp
  checktop.cpp
  dostep.cpp
  input.cpp
  main.cpp
  output.cpp
  root.cpp
c:\users\настя\source\repos\courseproject\courseproject\root.cpp(71): warning C4018: <: несоответствие типов со знаком и без знака
c:\users\настя\source\repos\courseproject\courseproject\root.cpp(73): warning C4018: <: несоответствие типов со знаком и без знака
  Создание кода...
  courseproject.vcxproj -> C:\Users\Настя\source\repos\courseproject\Debug\courseproject.exe
